<?xml version="1.0" encoding="UTF-8" ?>
<testsuite tests="11" failures="2" name="edu.osu.cs362.Stack_ESTest" time="0.034" errors="3" skipped="0">
  <properties>
[...]
</properties>
  <testcase classname="edu.osu.cs362.Stack_ESTest" name="test03" time="0.006"/>
  <testcase classname="edu.osu.cs362.Stack_ESTest" name="test02" time="0.006">
    <error type="java.lang.NullPointerException">java.lang.NullPointerException
	at edu.osu.cs362.Stack$Node.access$100(Stack.java:55)
	at edu.osu.cs362.Stack.peek(Stack.java:122)
	at edu.osu.cs362.Stack_ESTest.test02(Stack_ESTest.java:73)
	at sun.reflect.NativeMethodAccessorImpl.invoke0(Native Method)
	at sun.reflect.NativeMethodAccessorImpl.invoke(NativeMethodAccessorImpl.java:62)
	at sun.reflect.DelegatingMethodAccessorImpl.invoke(DelegatingMethodAccessorImpl.java:43)
	at java.lang.reflect.Method.invoke(Method.java:498)
	at org.junit.runners.model.FrameworkMethod$1.runReflectiveCall(FrameworkMethod.java:50)
	at org.junit.internal.runners.model.ReflectiveCallable.run(ReflectiveCallable.java:12)
	at org.junit.runners.model.FrameworkMethod.invokeExplosively(FrameworkMethod.java:47)
	at org.junit.internal.runners.statements.InvokeMethod.evaluate(InvokeMethod.java:17)
	at org.junit.internal.runners.statements.FailOnTimeout$CallableStatement.call(FailOnTimeout.java:298)
	at org.junit.internal.runners.statements.FailOnTimeout$CallableStatement.call(FailOnTimeout.java:292)
	at java.util.concurrent.FutureTask.run(FutureTask.java:266)
	at java.lang.Thread.run(Thread.java:745)
</error>
  </testcase>
  <testcase classname="edu.osu.cs362.Stack_ESTest" name="test05" time="0.007">
    <error type="java.lang.NullPointerException">java.lang.NullPointerException
	at edu.osu.cs362.Stack$Node.access$100(Stack.java:55)
	at edu.osu.cs362.Stack.peek(Stack.java:122)
	at edu.osu.cs362.Stack_ESTest.test05(Stack_ESTest.java:104)
	at sun.reflect.NativeMethodAccessorImpl.invoke0(Native Method)
	at sun.reflect.NativeMethodAccessorImpl.invoke(NativeMethodAccessorImpl.java:62)
	at sun.reflect.DelegatingMethodAccessorImpl.invoke(DelegatingMethodAccessorImpl.java:43)
	at java.lang.reflect.Method.invoke(Method.java:498)
	at org.junit.runners.model.FrameworkMethod$1.runReflectiveCall(FrameworkMethod.java:50)
	at org.junit.internal.runners.model.ReflectiveCallable.run(ReflectiveCallable.java:12)
	at org.junit.runners.model.FrameworkMethod.invokeExplosively(FrameworkMethod.java:47)
	at org.junit.internal.runners.statements.InvokeMethod.evaluate(InvokeMethod.java:17)
	at org.junit.internal.runners.statements.FailOnTimeout$CallableStatement.call(FailOnTimeout.java:298)
	at org.junit.internal.runners.statements.FailOnTimeout$CallableStatement.call(FailOnTimeout.java:292)
	at java.util.concurrent.FutureTask.run(FutureTask.java:266)
	at java.lang.Thread.run(Thread.java:745)
</error>
  </testcase>
  <testcase classname="edu.osu.cs362.Stack_ESTest" name="test04" time="0.003"/>
  <testcase classname="edu.osu.cs362.Stack_ESTest" name="test10" time="0.001"/>
  <testcase classname="edu.osu.cs362.Stack_ESTest" name="test01" time="0.003"/>
  <testcase classname="edu.osu.cs362.Stack_ESTest" name="test00" time="0.003">
    <failure message="Expecting exception: TooManyResourcesException" type="java.lang.AssertionError">java.lang.AssertionError: Expecting exception: TooManyResourcesException
	at org.junit.Assert.fail(Assert.java:88)
	at edu.osu.cs362.Stack_ESTest.test00(Stack_ESTest.java:35)
	at sun.reflect.NativeMethodAccessorImpl.invoke0(Native Method)
	at sun.reflect.NativeMethodAccessorImpl.invoke(NativeMethodAccessorImpl.java:62)
	at sun.reflect.DelegatingMethodAccessorImpl.invoke(DelegatingMethodAccessorImpl.java:43)
	at java.lang.reflect.Method.invoke(Method.java:498)
	at org.junit.runners.model.FrameworkMethod$1.runReflectiveCall(FrameworkMethod.java:50)
	at org.junit.internal.runners.model.ReflectiveCallable.run(ReflectiveCallable.java:12)
	at org.junit.runners.model.FrameworkMethod.invokeExplosively(FrameworkMethod.java:47)
	at org.junit.internal.runners.statements.InvokeMethod.evaluate(InvokeMethod.java:17)
	at org.junit.internal.runners.statements.FailOnTimeout$CallableStatement.call(FailOnTimeout.java:298)
	at org.junit.internal.runners.statements.FailOnTimeout$CallableStatement.call(FailOnTimeout.java:292)
	at java.util.concurrent.FutureTask.run(FutureTask.java:266)
	at java.lang.Thread.run(Thread.java:745)
</failure>
  </testcase>
  <testcase classname="edu.osu.cs362.Stack_ESTest" name="test07" time="0.001">
    <failure message="Expecting exception: TooManyResourcesException" type="java.lang.AssertionError">java.lang.AssertionError: Expecting exception: TooManyResourcesException
	at org.junit.Assert.fail(Assert.java:88)
	at edu.osu.cs362.Stack_ESTest.test07(Stack_ESTest.java:145)
	at sun.reflect.NativeMethodAccessorImpl.invoke0(Native Method)
	at sun.reflect.NativeMethodAccessorImpl.invoke(NativeMethodAccessorImpl.java:62)
	at sun.reflect.DelegatingMethodAccessorImpl.invoke(DelegatingMethodAccessorImpl.java:43)
	at java.lang.reflect.Method.invoke(Method.java:498)
	at org.junit.runners.model.FrameworkMethod$1.runReflectiveCall(FrameworkMethod.java:50)
	at org.junit.internal.runners.model.ReflectiveCallable.run(ReflectiveCallable.java:12)
	at org.junit.runners.model.FrameworkMethod.invokeExplosively(FrameworkMethod.java:47)
	at org.junit.internal.runners.statements.InvokeMethod.evaluate(InvokeMethod.java:17)
	at org.junit.internal.runners.statements.FailOnTimeout$CallableStatement.call(FailOnTimeout.java:298)
	at org.junit.internal.runners.statements.FailOnTimeout$CallableStatement.call(FailOnTimeout.java:292)
	at java.util.concurrent.FutureTask.run(FutureTask.java:266)
	at java.lang.Thread.run(Thread.java:745)
</failure>
  </testcase>
  <testcase classname="edu.osu.cs362.Stack_ESTest" name="test06" time="0.002">
    <error type="java.lang.NullPointerException">java.lang.NullPointerException
	at edu.osu.cs362.Stack$Node.access$100(Stack.java:55)
	at edu.osu.cs362.Stack.peek(Stack.java:122)
	at edu.osu.cs362.Stack_ESTest.test06(Stack_ESTest.java:122)
	at sun.reflect.NativeMethodAccessorImpl.invoke0(Native Method)
	at sun.reflect.NativeMethodAccessorImpl.invoke(NativeMethodAccessorImpl.java:62)
	at sun.reflect.DelegatingMethodAccessorImpl.invoke(DelegatingMethodAccessorImpl.java:43)
	at java.lang.reflect.Method.invoke(Method.java:498)
	at org.junit.runners.model.FrameworkMethod$1.runReflectiveCall(FrameworkMethod.java:50)
	at org.junit.internal.runners.model.ReflectiveCallable.run(ReflectiveCallable.java:12)
	at org.junit.runners.model.FrameworkMethod.invokeExplosively(FrameworkMethod.java:47)
	at org.junit.internal.runners.statements.InvokeMethod.evaluate(InvokeMethod.java:17)
	at org.junit.internal.runners.statements.FailOnTimeout$CallableStatement.call(FailOnTimeout.java:298)
	at org.junit.internal.runners.statements.FailOnTimeout$CallableStatement.call(FailOnTimeout.java:292)
	at java.util.concurrent.FutureTask.run(FutureTask.java:266)
	at java.lang.Thread.run(Thread.java:745)
</error>
  </testcase>
  <testcase classname="edu.osu.cs362.Stack_ESTest" name="test09" time="0.001"/>
  <testcase classname="edu.osu.cs362.Stack_ESTest" name="test08" time="0.001"/>
</testsuite>